0 info it worked if it ends with ok
1 verbose cli [ '/usr/local/bin/node',
1 verbose cli   '/usr/local/bin/npm',
1 verbose cli   'install',
1 verbose cli   'jsdomnpm',
1 verbose cli   'install',
1 verbose cli   'node-canvas' ]
2 info using npm@3.7.3
3 info using node@v5.8.0
4 silly loadCurrentTree Starting
5 silly install loadCurrentTree
6 silly install readLocalPackageData
7 silly fetchPackageMetaData jsdomnpm
8 silly fetchPackageMetaData install
9 silly fetchPackageMetaData node-canvas
10 silly fetchNamedPackageData jsdomnpm
11 silly mapToRegistry name jsdomnpm
12 silly mapToRegistry using default registry
13 silly mapToRegistry registry https://registry.npmjs.org/
14 silly mapToRegistry uri https://registry.npmjs.org/jsdomnpm
15 silly fetchNamedPackageData install
16 silly mapToRegistry name install
17 silly mapToRegistry using default registry
18 silly mapToRegistry registry https://registry.npmjs.org/
19 silly mapToRegistry uri https://registry.npmjs.org/install
20 silly fetchNamedPackageData node-canvas
21 silly mapToRegistry name node-canvas
22 silly mapToRegistry using default registry
23 silly mapToRegistry registry https://registry.npmjs.org/
24 silly mapToRegistry uri https://registry.npmjs.org/node-canvas
25 verbose request uri https://registry.npmjs.org/jsdomnpm
26 verbose request no auth needed
27 info attempt registry request try #1 at 8:40:52 AM
28 verbose request id 521277c0f9ba411c
29 http request GET https://registry.npmjs.org/jsdomnpm
30 verbose request uri https://registry.npmjs.org/install
31 verbose request no auth needed
32 info attempt registry request try #1 at 8:40:52 AM
33 http request GET https://registry.npmjs.org/install
34 verbose request uri https://registry.npmjs.org/node-canvas
35 verbose request no auth needed
36 info attempt registry request try #1 at 8:40:52 AM
37 http request GET https://registry.npmjs.org/node-canvas
38 http 404 https://registry.npmjs.org/node-canvas
39 verbose headers { 'content-type': 'application/json',
39 verbose headers   'cache-control': 'max-age=0',
39 verbose headers   'content-length': '2',
39 verbose headers   'accept-ranges': 'bytes',
39 verbose headers   date: 'Thu, 17 Mar 2016 15:40:52 GMT',
39 verbose headers   via: '1.1 varnish',
39 verbose headers   age: '0',
39 verbose headers   connection: 'keep-alive',
39 verbose headers   'x-served-by': 'cache-lax1420-LAX',
39 verbose headers   'x-cache': 'MISS',
39 verbose headers   'x-cache-hits': '0',
39 verbose headers   'x-timer': 'S1458229252.417568,VS0,VE45' }
40 silly get cb [ 404,
40 silly get   { 'content-type': 'application/json',
40 silly get     'cache-control': 'max-age=0',
40 silly get     'content-length': '2',
40 silly get     'accept-ranges': 'bytes',
40 silly get     date: 'Thu, 17 Mar 2016 15:40:52 GMT',
40 silly get     via: '1.1 varnish',
40 silly get     age: '0',
40 silly get     connection: 'keep-alive',
40 silly get     'x-served-by': 'cache-lax1420-LAX',
40 silly get     'x-cache': 'MISS',
40 silly get     'x-cache-hits': '0',
40 silly get     'x-timer': 'S1458229252.417568,VS0,VE45' } ]
41 silly fetchPackageMetaData Error: Registry returned 404 for GET on https://registry.npmjs.org/node-canvas
41 silly fetchPackageMetaData     at makeError (/usr/local/lib/node_modules/npm/node_modules/npm-registry-client/lib/request.js:264:12)
41 silly fetchPackageMetaData     at CachingRegistryClient.<anonymous> (/usr/local/lib/node_modules/npm/node_modules/npm-registry-client/lib/request.js:242:14)
41 silly fetchPackageMetaData     at Request._callback (/usr/local/lib/node_modules/npm/node_modules/npm-registry-client/lib/request.js:172:14)
41 silly fetchPackageMetaData     at Request.self.callback (/usr/local/lib/node_modules/npm/node_modules/request/request.js:199:22)
41 silly fetchPackageMetaData     at emitTwo (events.js:100:13)
41 silly fetchPackageMetaData     at Request.emit (events.js:185:7)
41 silly fetchPackageMetaData     at Request.<anonymous> (/usr/local/lib/node_modules/npm/node_modules/request/request.js:1036:10)
41 silly fetchPackageMetaData     at emitOne (events.js:95:20)
41 silly fetchPackageMetaData     at Request.emit (events.js:182:7)
41 silly fetchPackageMetaData     at IncomingMessage.<anonymous> (/usr/local/lib/node_modules/npm/node_modules/request/request.js:963:12)
41 silly fetchPackageMetaData  error for node-canvas { [Error: Registry returned 404 for GET on https://registry.npmjs.org/node-canvas] pkgid: 'node-canvas', statusCode: 404, code: 'E404' }
42 http 200 https://registry.npmjs.org/install
43 verbose headers { server: 'CouchDB/1.5.0 (Erlang OTP/R16B03)',
43 verbose headers   etag: '"EBIO38FWITN8KULT6EZABSU6A"',
43 verbose headers   'content-type': 'application/json',
43 verbose headers   'cache-control': 'max-age=300',
43 verbose headers   'content-length': '37057',
43 verbose headers   'accept-ranges': 'bytes',
43 verbose headers   date: 'Thu, 17 Mar 2016 15:40:52 GMT',
43 verbose headers   via: '1.1 varnish',
43 verbose headers   age: '238',
43 verbose headers   connection: 'keep-alive',
43 verbose headers   'x-served-by': 'cache-lax1434-LAX',
43 verbose headers   'x-cache': 'HIT',
43 verbose headers   'x-cache-hits': '1',
43 verbose headers   'x-timer': 'S1458229252.422006,VS0,VE0',
43 verbose headers   vary: 'Accept' }
44 silly get cb [ 200,
44 silly get   { server: 'CouchDB/1.5.0 (Erlang OTP/R16B03)',
44 silly get     etag: '"EBIO38FWITN8KULT6EZABSU6A"',
44 silly get     'content-type': 'application/json',
44 silly get     'cache-control': 'max-age=300',
44 silly get     'content-length': '37057',
44 silly get     'accept-ranges': 'bytes',
44 silly get     date: 'Thu, 17 Mar 2016 15:40:52 GMT',
44 silly get     via: '1.1 varnish',
44 silly get     age: '238',
44 silly get     connection: 'keep-alive',
44 silly get     'x-served-by': 'cache-lax1434-LAX',
44 silly get     'x-cache': 'HIT',
44 silly get     'x-cache-hits': '1',
44 silly get     'x-timer': 'S1458229252.422006,VS0,VE0',
44 silly get     vary: 'Accept' } ]
45 verbose get saving install to /home/djtouchette/.npm/registry.npmjs.org/install/.cache.json
46 verbose correctMkdir /home/djtouchette/.npm correctMkdir not in flight; initializing
47 http 404 https://registry.npmjs.org/jsdomnpm
48 verbose headers { 'content-type': 'application/json',
48 verbose headers   'cache-control': 'max-age=0',
48 verbose headers   'content-length': '2',
48 verbose headers   'accept-ranges': 'bytes',
48 verbose headers   date: 'Thu, 17 Mar 2016 15:40:52 GMT',
48 verbose headers   via: '1.1 varnish',
48 verbose headers   age: '0',
48 verbose headers   connection: 'keep-alive',
48 verbose headers   'x-served-by': 'cache-lax1423-LAX',
48 verbose headers   'x-cache': 'MISS',
48 verbose headers   'x-cache-hits': '0',
48 verbose headers   'x-timer': 'S1458229252.414121,VS0,VE174' }
49 silly get cb [ 404,
49 silly get   { 'content-type': 'application/json',
49 silly get     'cache-control': 'max-age=0',
49 silly get     'content-length': '2',
49 silly get     'accept-ranges': 'bytes',
49 silly get     date: 'Thu, 17 Mar 2016 15:40:52 GMT',
49 silly get     via: '1.1 varnish',
49 silly get     age: '0',
49 silly get     connection: 'keep-alive',
49 silly get     'x-served-by': 'cache-lax1423-LAX',
49 silly get     'x-cache': 'MISS',
49 silly get     'x-cache-hits': '0',
49 silly get     'x-timer': 'S1458229252.414121,VS0,VE174' } ]
50 silly fetchPackageMetaData Error: Registry returned 404 for GET on https://registry.npmjs.org/jsdomnpm
50 silly fetchPackageMetaData     at makeError (/usr/local/lib/node_modules/npm/node_modules/npm-registry-client/lib/request.js:264:12)
50 silly fetchPackageMetaData     at CachingRegistryClient.<anonymous> (/usr/local/lib/node_modules/npm/node_modules/npm-registry-client/lib/request.js:242:14)
50 silly fetchPackageMetaData     at Request._callback (/usr/local/lib/node_modules/npm/node_modules/npm-registry-client/lib/request.js:172:14)
50 silly fetchPackageMetaData     at Request.self.callback (/usr/local/lib/node_modules/npm/node_modules/request/request.js:199:22)
50 silly fetchPackageMetaData     at emitTwo (events.js:100:13)
50 silly fetchPackageMetaData     at Request.emit (events.js:185:7)
50 silly fetchPackageMetaData     at Request.<anonymous> (/usr/local/lib/node_modules/npm/node_modules/request/request.js:1036:10)
50 silly fetchPackageMetaData     at emitOne (events.js:95:20)
50 silly fetchPackageMetaData     at Request.emit (events.js:182:7)
50 silly fetchPackageMetaData     at IncomingMessage.<anonymous> (/usr/local/lib/node_modules/npm/node_modules/request/request.js:963:12)
50 silly fetchPackageMetaData  error for jsdomnpm { [Error: Registry returned 404 for GET on https://registry.npmjs.org/jsdomnpm] pkgid: 'jsdomnpm', statusCode: 404, code: 'E404' }
51 silly rollbackFailedOptional Starting
52 silly rollbackFailedOptional Finishing
53 silly runTopLevelLifecycles Starting
54 silly runTopLevelLifecycles Finishing
55 silly install printInstalled
56 verbose stack Error: Registry returned 404 for GET on https://registry.npmjs.org/node-canvas
56 verbose stack     at makeError (/usr/local/lib/node_modules/npm/node_modules/npm-registry-client/lib/request.js:264:12)
56 verbose stack     at CachingRegistryClient.<anonymous> (/usr/local/lib/node_modules/npm/node_modules/npm-registry-client/lib/request.js:242:14)
56 verbose stack     at Request._callback (/usr/local/lib/node_modules/npm/node_modules/npm-registry-client/lib/request.js:172:14)
56 verbose stack     at Request.self.callback (/usr/local/lib/node_modules/npm/node_modules/request/request.js:199:22)
56 verbose stack     at emitTwo (events.js:100:13)
56 verbose stack     at Request.emit (events.js:185:7)
56 verbose stack     at Request.<anonymous> (/usr/local/lib/node_modules/npm/node_modules/request/request.js:1036:10)
56 verbose stack     at emitOne (events.js:95:20)
56 verbose stack     at Request.emit (events.js:182:7)
56 verbose stack     at IncomingMessage.<anonymous> (/usr/local/lib/node_modules/npm/node_modules/request/request.js:963:12)
57 verbose statusCode 404
58 verbose pkgid node-canvas
59 verbose cwd /home/djtouchette/work/final_project
60 error Linux 4.2.0-30-generic
61 error argv "/usr/local/bin/node" "/usr/local/bin/npm" "install" "jsdomnpm" "install" "node-canvas"
62 error node v5.8.0
63 error npm  v3.7.3
64 error code E404
65 error 404 Registry returned 404 for GET on https://registry.npmjs.org/node-canvas
66 error 404
67 error 404 'node-canvas' is not in the npm registry.
68 error 404 You should bug the author to publish it (or use the name yourself!)
69 error 404 Note that you can also install from a
70 error 404 tarball, folder, http url, or git url.
71 verbose exit [ 1, true ]
